TN:
SF:src\components\ErrorBoundary.jsx
FN:7,ErrorBoundary
FN:12,getDerivedStateFromError
FN:16,componentDidCatch
FN:23,render
FN:42,onClick
FNF:5
FNH:4
FNDA:4,ErrorBoundary
FNDA:2,getDerivedStateFromError
FNDA:2,componentDidCatch
FNDA:6,render
FNDA:0,onClick
DA:1,1
DA:2,1
DA:3,1
DA:6,1
DA:7,1
DA:8,4
DA:9,4
DA:10,4
DA:12,1
DA:13,2
DA:14,2
DA:16,1
DA:17,2
DA:18,2
DA:19,2
DA:20,2
DA:21,2
DA:23,1
DA:24,6
DA:25,4
DA:26,4
DA:27,4
DA:28,4
DA:29,4
DA:30,4
DA:31,4
DA:32,4
DA:33,4
DA:34,4
DA:35,4
DA:36,4
DA:37,4
DA:38,4
DA:39,4
DA:40,4
DA:41,4
DA:42,4
DA:43,0
DA:44,0
DA:45,4
DA:46,4
DA:48,4
DA:50,4
DA:51,4
DA:52,4
DA:53,2
DA:54,2
DA:55,2
DA:56,2
DA:57,2
DA:59,2
DA:61,4
DA:62,4
DA:64,4
DA:66,2
DA:67,6
DA:68,1
DA:70,1
LF:58
LH:56
BRDA:7,0,0,4
BRDA:12,1,0,2
BRDA:16,2,0,2
BRDA:18,3,0,0
BRDA:18,4,0,0
BRDA:23,5,0,6
BRDA:24,6,0,4
BRDA:52,7,0,2
BRDA:55,8,0,0
BRDA:64,9,0,2
BRF:10
BRH:7
end_of_record
TN:
SF:src\components\ProtectedRoute.jsx
FN:6,ProtectedRoute
FNF:1
FNH:1
FNDA:3,ProtectedRoute
DA:1,1
DA:2,1
DA:3,1
DA:6,1
DA:7,3
DA:8,3
DA:10,3
DA:11,1
DA:12,1
DA:14,1
DA:16,1
DA:18,3
DA:19,1
DA:20,1
DA:21,1
DA:23,1
DA:24,1
DA:26,1
LF:18
LH:18
BRDA:6,0,0,3
BRDA:10,1,0,1
BRDA:16,2,0,2
BRDA:18,3,0,1
BRF:4
BRH:4
end_of_record
